<?xml version="1.0" encoding="UTF-8"?>
<!-- Generated by org.testng.reporters.JUnitReportReporter -->
<testsuite hostname="DESKTOP-O1DLNE9" failures="0" tests="8" name="com.web.test.webTest.TestFeatures" time="0.040" errors="0" timestamp="2021-02-14T23:50:46 IST" skipped="1">
  <testcase classname="com.web.test.webTest.TestFeatures" name="test1" time="0.003"/>
  <system-out/>
  <testcase classname="com.web.test.webTest.TestFeatures" name="test1" time="0.025"/>
  <system-out/>
  <testcase classname="com.web.test.webTest.TestFeatures" name="test4" time="0.002"/>
  <system-out/>
  <testcase classname="com.web.test.webTest.TestFeatures" name="test3" time="0.003"/>
  <system-out/>
  <testcase classname="com.web.test.webTest.TestFeatures" name="test1" time="0.001"/>
  <system-out/>
  <testcase classname="com.web.test.webTest.TestFeatures" name="test1" time="0.003"/>
  <system-out/>
  <testcase classname="com.web.test.webTest.TestFeatures" name="test1" time="0.003"/>
  <system-out/>
  <testcase classname="com.web.test.webTest.TestFeatures" name="test2">
    <skipped/>
  </testcase> <!-- test2 -->
  <system-out/>
</testsuite> <!-- com.web.test.webTest.TestFeatures -->
