<?xml version="1.0" encoding="UTF-8"?>
<!-- Generated by org.testng.reporters.JUnitReportReporter -->
<testsuite hostname="DESKTOP-O1DLNE9" failures="0" tests="3" name="webLogin.CheckLoging" time="6.607" errors="0" timestamp="2020-11-04T14:13:21 IST" skipped="0">
  <testcase classname="webLogin.CheckLoging" name="checkWebLogin" time="0.147"/>
  <system-out/>
  <testcase classname="webLogin.CheckLoging" name="checkSearcgBox" time="4.993"/>
  <system-out/>
  <testcase classname="webLogin.CheckLoging" name="selectdropdown" time="1.467"/>
  <system-out/>
</testsuite> <!-- webLogin.CheckLoging -->
