<?xml version="1.0" encoding="UTF-8"?>
<!-- Generated by org.testng.reporters.JUnitReportReporter -->
<testsuite hostname="DESKTOP-O1DLNE9" failures="0" tests="1" name="Testweb.selefun" time="9.751" errors="0" timestamp="2020-12-27T23:45:56 IST" skipped="0">
  <testcase classname="Testweb.selefun" name="test1" time="9.751"/>
  <system-out/>
</testsuite> <!-- Testweb.selefun -->
