<?xml version="1.0" encoding="UTF-8"?>
<!-- Generated by org.testng.reporters.JUnitReportReporter -->
<testsuite hostname="DESKTOP-O1DLNE9" failures="0" tests="2" name="testCases.testEditTab_testID002" time="40.761" errors="0" timestamp="2021-07-30T16:24:59 IST" skipped="0">
  <testcase classname="testCases.testEditTab_testID002" name="testEditforTestYou" time="25.787"/>
  <system-out>
-----Test Start For Test You login---- -----Test End For Test You login----  </system-out>
  <testcase classname="testCases.testEditTab_testID002" name="testEditforTestYou" time="14.974"/>
  <system-out>
-----Test Start For Test You login---- -----Test End For Test You login----  </system-out>
</testsuite> <!-- testCases.testEditTab_testID002 -->
