<?xml version="1.0" encoding="UTF-8"?>
<!-- Generated by org.testng.reporters.JUnitReportReporter -->
<testsuite hostname="DESKTOP-O1DLNE9" failures="0" tests="1" name="testCases.testLoginPage_TestID001" time="23.392" errors="0" timestamp="2021-07-27T16:41:25 IST" skipped="0">
  <testcase classname="testCases.testLoginPage_TestID001" name="testLoginPageforTestYou" time="23.392"/>
  <system-out>
-----Test Start For Test You login---- -----Test End For Test You login----  </system-out>
</testsuite> <!-- testCases.testLoginPage_TestID001 -->
