<?xml version="1.0" encoding="UTF-8"?>
<!-- Generated by org.testng.reporters.JUnitReportReporter -->
<testsuite hostname="DESKTOP-O1DLNE9" failures="0" tests="1" name="DolaG.TestCases" time="5.043" errors="0" timestamp="2021-12-12T01:09:44 IST" skipped="0">
  <testcase classname="DolaG.TestCases" name="Test1" time="5.043"/>
  <system-out/>
</testsuite> <!-- DolaG.TestCases -->
