<?xml version="1.0" encoding="UTF-8"?>
<!-- Generated by org.testng.reporters.JUnitReportReporter -->
<testsuite hostname="DESKTOP-O1DLNE9" failures="0" tests="1" name="DolaG.TestCasesID_01" time="3.331" errors="0" timestamp="2022-01-07T22:24:36 IST" skipped="0">
  <testcase classname="DolaG.TestCasesID_01" name="testLogin" time="3.331"/>
  <system-out/>
</testsuite> <!-- DolaG.TestCasesID_01 -->
