<?xml version="1.0" encoding="UTF-8"?>
<!-- Generated by org.testng.reporters.JUnitReportReporter -->
<testsuite hostname="DESKTOP-O1DLNE9" failures="0" tests="3" name="Test_Amazon.Test_Amazon_login" time="1.089" errors="0" timestamp="2020-10-15T23:40:30 IST" skipped="0">
  <testcase classname="Test_Amazon.Test_Amazon_login" name="Urlinvaliddata" time="0.247"/>
  <system-out/>
  <testcase classname="Test_Amazon.Test_Amazon_login" name="checktitle" time="0.828"/>
  <system-out/>
  <testcase classname="Test_Amazon.Test_Amazon_login" name="checkUrl" time="0.014"/>
  <system-out/>
</testsuite> <!-- Test_Amazon.Test_Amazon_login -->
